Arguments: 
  /usr/local/Cellar/node/9.6.1/bin/node /usr/local/bin/yarn

PATH: 
  /usr/local/bin:/usr/bin:/bin:/usr/sbin:/sbin:/Applications/Postgres.app/Contents/Versions/latest/bin

Yarn version: 
  1.5.1

Node version: 
  9.7.1

Platform: 
  darwin x64

npm manifest: 
  {
    "name": "tgreen7",
    "version": "1.0.0",
    "description": "My website",
    "scripts": {
      "test": "echo \"Error: no test specified\" && exit 1",
      "gulp": "gulp"
    },
    "repository": {
      "type": "git",
      "url": "git+https://github.com/tgreen7/tgreen7.github.io.git"
    },
    "bugs": {
      "url": "https://github.com/tgreen7/tgreen7.github.io/issues"
    },
    "homepage": "https://github.com/tgreen7/tgreen7.github.io#readme",
    "devDependencies": {
      "browser-sync": "^2.14.3",
      "del": "^2.2.2",
      "gulp": "^3.9.1",
      "gulp-autoprefixer": "^3.1.1",
      "gulp-cache": "^0.4.5",
      "gulp-clean-css": "^2.0.12",
      "gulp-concat": "^2.6.0",
      "gulp-imagemin": "^3.0.3",
      "gulp-notify": "^2.2.0",
      "gulp-order": "^1.1.1",
      "gulp-plumber": "^1.1.0",
      "gulp-rename": "^1.2.2",
      "gulp-sass": "^2.3.2",
      "gulp-sourcemaps": "^1.6.0",
      "gulp-uglify": "^2.0.0",
      "gulp-util": "^3.0.7"
    },
    "dependencies": {}
  }

yarn manifest: 
  No manifest

Lockfile: 
  No lockfile

Trace: 
  Error: /Users/taoh/Sites/tgreen7.github.io/node_modules/node-sass: Command failed.
  Exit code: 1
  Command: sh
  Arguments: -c node scripts/build.js
  Directory: /Users/taoh/Sites/tgreen7.github.io/node_modules/node-sass
  Output:
  Building: /usr/local/Cellar/node/9.6.1/bin/node /Users/taoh/Sites/tgreen7.github.io/node_modules/node-gyp/bin/node-gyp.js rebuild --verbose --libsass_ext= --libsass_cflags= --libsass_ldflags= --libsass_library=
  gyp info it worked if it ends with ok
  gyp verb cli [ '/usr/local/Cellar/node/9.6.1/bin/node',
  gyp verb cli   '/Users/taoh/Sites/tgreen7.github.io/node_modules/node-gyp/bin/node-gyp.js',
  gyp verb cli   'rebuild',
  gyp verb cli   '--verbose',
  gyp verb cli   '--libsass_ext=',
  gyp verb cli   '--libsass_cflags=',
  gyp verb cli   '--libsass_ldflags=',
  gyp verb cli   '--libsass_library=' ]
  gyp info using node-gyp@3.6.2
  gyp info using node@9.7.1 | darwin | x64
  gyp verb command rebuild []
  gyp verb command clean []
  gyp verb clean removing "build" directory
  gyp verb command configure []
  gyp verb check python checking for Python executable "python2" in the PATH
  gyp verb `which` failed Error: not found: python2
  gyp verb `which` failed     at getNotFoundError (/Users/taoh/Sites/tgreen7.github.io/node_modules/which/which.js:13:12)
  gyp verb `which` failed     at F (/Users/taoh/Sites/tgreen7.github.io/node_modules/which/which.js:68:19)
  gyp verb `which` failed     at E (/Users/taoh/Sites/tgreen7.github.io/node_modules/which/which.js:80:29)
  gyp verb `which` failed     at /Users/taoh/Sites/tgreen7.github.io/node_modules/which/which.js:89:16
  gyp verb `which` failed     at /Users/taoh/Sites/tgreen7.github.io/node_modules/isexe/index.js:42:5
  gyp verb `which` failed     at /Users/taoh/Sites/tgreen7.github.io/node_modules/isexe/mode.js:8:5
  gyp verb `which` failed     at FSReqWrap.oncomplete (fs.js:170:21)
  gyp verb `which` failed  python2 { Error: not found: python2
  gyp verb `which` failed     at getNotFoundError (/Users/taoh/Sites/tgreen7.github.io/node_modules/which/which.js:13:12)
  gyp verb `which` failed     at F (/Users/taoh/Sites/tgreen7.github.io/node_modules/which/which.js:68:19)
  gyp verb `which` failed     at E (/Users/taoh/Sites/tgreen7.github.io/node_modules/which/which.js:80:29)
  gyp verb `which` failed     at /Users/taoh/Sites/tgreen7.github.io/node_modules/which/which.js:89:16
  gyp verb `which` failed     at /Users/taoh/Sites/tgreen7.github.io/node_modules/isexe/index.js:42:5
  gyp verb `which` failed     at /Users/taoh/Sites/tgreen7.github.io/node_modules/isexe/mode.js:8:5
  gyp verb `which` failed     at FSReqWrap.oncomplete (fs.js:170:21)
  gyp verb `which` failed   stack: 'Error: not found: python2\n    at getNotFoundError (/Users/taoh/Sites/tgreen7.github.io/node_modules/which/which.js:13:12)\n    at F (/Users/taoh/Sites/tgreen7.github.io/node_modules/which/which.js:68:19)\n    at E (/Users/taoh/Sites/tgreen7.github.io/node_modules/which/which.js:80:29)\n    at /Users/taoh/Sites/tgreen7.github.io/node_modules/which/which.js:89:16\n    at /Users/taoh/Sites/tgreen7.github.io/node_modules/isexe/index.js:42:5\n    at /Users/taoh/Sites/tgreen7.github.io/node_modules/isexe/mode.js:8:5\n    at FSReqWrap.oncomplete (fs.js:170:21)',
  gyp verb `which` failed   code: 'ENOENT' }
  gyp verb check python checking for Python executable "python" in the PATH
  gyp verb `which` succeeded python /usr/local/bin/python
  gyp verb check python version `/usr/local/bin/python -c "import platform; print(platform.python_version());"` returned: "3.6.4\n"
  gyp ERR! configure error 
  gyp ERR! stack Error: Python executable "/usr/local/bin/python" is v3.6.4, which is not supported by gyp.
  gyp ERR! stack You can pass the --python switch to point to Python >= v2.5.0 & < 3.0.0.
  gyp ERR! stack     at PythonFinder.failPythonVersion (/Users/taoh/Sites/tgreen7.github.io/node_modules/node-gyp/lib/configure.js:492:19)
  gyp ERR! stack     at PythonFinder.<anonymous> (/Users/taoh/Sites/tgreen7.github.io/node_modules/node-gyp/lib/configure.js:474:14)
  gyp ERR! stack     at ChildProcess.exithandler (child_process.js:265:7)
  gyp ERR! stack     at ChildProcess.emit (events.js:127:13)
  gyp ERR! stack     at maybeClose (internal/child_process.js:936:16)
  gyp ERR! stack     at Socket.stream.socket.on (internal/child_process.js:353:11)
  gyp ERR! stack     at Socket.emit (events.js:127:13)
  gyp ERR! stack     at Pipe._handle.close [as _onclose] (net.js:558:12)
  gyp ERR! System Darwin 17.4.0
  gyp ERR! command "/usr/local/Cellar/node/9.6.1/bin/node" "/Users/taoh/Sites/tgreen7.github.io/node_modules/node-gyp/bin/node-gyp.js" "rebuild" "--verbose" "--libsass_ext=" "--libsass_cflags=" "--libsass_ldflags=" "--libsass_library="
  gyp ERR! cwd /Users/taoh/Sites/tgreen7.github.io/node_modules/node-sass
  gyp ERR! node -v v9.7.1
  gyp ERR! node-gyp -v v3.6.2
  gyp ERR! not ok 
  Build failed with error code: 1
      at ProcessTermError.MessageError (/usr/local/lib/node_modules/yarn/lib/cli.js:186:110)
      at new ProcessTermError (/usr/local/lib/node_modules/yarn/lib/cli.js:226:113)
      at ChildProcess.<anonymous> (/usr/local/lib/node_modules/yarn/lib/cli.js:30281:17)
      at ChildProcess.emit (events.js:127:13)
      at maybeClose (internal/child_process.js:936:16)
      at Socket.stream.socket.on (internal/child_process.js:353:11)
      at Socket.emit (events.js:127:13)
      at Pipe._handle.close [as _onclose] (net.js:558:12)
